[25/Sep/21 19:21:25] http://aces1.usite.pro/nts-veg.html
[25/Sep/21 19:22:39] https://www.twitch.tv/lrc_gamer
[25/Sep/21 19:40:03] http://aces1.usite.pro/fdb88817-ed1e-4640-924c-b500bea006e9
[25/Sep/21 19:43:07] http://admdn3ta.cdn.mangomolo.com/adsports3/smil:adsports3.stream.smil/.m3u8
[25/Sep/21 19:58:48] http://admdn3ta.cdn.mangomolo.com/adsports3/smil:adsports3.stream.smil/.m3u8
[25/Sep/21 19:59:15] http://admdn3ta.cdn.mangomolo.com/adsports3/smil:adsports3.stream.smil/.m3u8
[25/Sep/21 20:02:07] http://admdn3ta.cdn.mangomolo.com/adsports3/smil:adsports3.stream.smil/.m3u8
[26/Sep/21 19:51:14] https://www.twitch.tv/drwafflepuff
[26/Sep/21 20:53:16] https://www.twitch.tv/besweeet79
[26/Sep/21 22:14:11] https://www.twitch.tv/xqcow
[04/Oct/21 03:49:06] https://www.youtube.com/watch?v=YHgVYiw78yo
[04/Oct/21 03:54:21] https://www.youtube.com/watch?v=YHgVYiw78yo
[04/Oct/21 03:59:21] https://sponsor.ajay.app/database/sponsorTimes.csv
[04/Oct/21 04:08:57] https://www.youtube.com/watch?v=YHgVYiw78yo
[04/Oct/21 04:09:30] https://www.youtube.com/watch?v=YHgVYiw78yo |time=28
[04/Oct/21 06:24:00] https://www.youtube.com/watch?v=XB2egQ4NXUg
[25/Oct/21 01:28:28] https://youtu.be/6QcawgrIaGs
[25/Oct/21 01:31:08] https://youtu.be/6QcawgrIaGs
[25/Oct/21 01:35:15] https://youtu.be/6QcawgrIaGs
[25/Oct/21 01:41:24] https://youtu.be/6QcawgrIaGs
[25/Oct/21 01:43:57] https://yewtu.be/watch?v=wBfNE5fi5BE
[25/Oct/21 01:47:49] https://yewtu.be/watch?v=wBfNE5fi5BE
[25/Oct/21 01:48:17] https://www.youtube.com/watch?v=6QcawgrIaGs&t=9m01s
[25/Oct/21 02:26:44] https://www.youtube.com/watch?v=-Hurm6ZZaw8&t=7m36s
[25/Oct/21 03:18:59] https://www.youtube.com/watch?v=uaClm8GkZy0&t=6m19s
[25/Oct/21 08:09:56] https://www.twitch.tv/imls
[11/Nov/21 21:43:24] https://www.twitch.tv/esfandtv
[11/Nov/21 21:44:23] https://www.twitch.tv/esfandtv
[11/Nov/21 21:46:14] https://www.twitch.tv/esfandtv
[12/Nov/21 00:36:15] https://www.youtube.com/watch?v=SjXzBPCj0PM
[12/Nov/21 02:02:29] https://youtu.be/Co6FePZoNgE
[17/Nov/21 20:26:53] https://www.youtube.com/watch?v=bKjr3J0zCfA
[19/Nov/21 00:51:07] https://www.twitch.tv/qtcinderella
[22/Nov/21 04:16:26] https://www.youtube.com/watch?v=Iz_MPlRCbCQ
[22/Nov/21 04:42:26] https://www.youtube.com/watch?v=sqK9wR6KMLs |time=587
